[2020-07-21 09:03:18] Текст ошибки: Страница не найдена | 
        Файл: C:\Users\Valerka\Downloads\OSPanel\domains\ishop\public\index.php | Строка: 7
================
[2020-07-21 09:03:31] Текст ошибки: Страница не найдена | 
        Файл: C:\Users\Valerka\Downloads\OSPanel\domains\ishop\public\index.php | Строка: 7
================
[2020-07-21 09:03:39] Текст ошибки: Страница не найдена | 
        Файл: C:\Users\Valerka\Downloads\OSPanel\domains\ishop\public\index.php | Строка: 7
================
[2020-07-21 09:03:46] Текст ошибки: Страница не найдена | 
        Файл: C:\Users\Valerka\Downloads\OSPanel\domains\ishop\public\index.php | Строка: 7
================
[2020-07-21 09:03:52] Текст ошибки: Страница не найдена | 
        Файл: C:\Users\Valerka\Downloads\OSPanel\domains\ishop\public\index.php | Строка: 7
================
[2020-07-21 09:04:04] Текст ошибки: Страница не найдена | 
        Файл: C:\Users\Valerka\Downloads\OSPanel\domains\ishop\public\index.php | Строка: 7
================
[2020-07-21 09:05:12] Текст ошибки: Страница не найдена | 
        Файл: C:\Users\Valerka\Downloads\OSPanel\domains\ishop\public\index.php | Строка: 7
================
[2020-07-21 09:05:20] Текст ошибки: Страница не найдена | 
        Файл: C:\Users\Valerka\Downloads\OSPanel\domains\ishop\public\index.php | Строка: 7
================
[2020-07-21 09:08:22] Текст ошибки: Страница не найдена | 
        Файл: C:\Users\Valerka\Downloads\OSPanel\domains\ishop\public\index.php | Строка: 7
================
[2020-07-21 09:08:22] Текст ошибки: Страница не найдена | 
        Файл: C:\Users\Valerka\Downloads\OSPanel\domains\ishop\public\index.php | Строка: 7
================
[2020-07-21 09:08:29] Текст ошибки: Страница не найдена | 
        Файл: C:\Users\Valerka\Downloads\OSPanel\domains\ishop\public\index.php | Строка: 7
================
[2020-07-21 09:08:29] Текст ошибки: Страница не найдена | 
        Файл: C:\Users\Valerka\Downloads\OSPanel\domains\ishop\public\index.php | Строка: 7
================
[2020-07-21 09:08:47] Текст ошибки: Страница не найдена | 
        Файл: C:\Users\Valerka\Downloads\OSPanel\domains\ishop\public\index.php | Строка: 7
================
[2020-07-21 09:08:47] Текст ошибки: Страница не найдена | 
        Файл: C:\Users\Valerka\Downloads\OSPanel\domains\ishop\public\index.php | Строка: 7
================
[2020-07-21 09:08:50] Текст ошибки: Страница не найдена | 
        Файл: C:\Users\Valerka\Downloads\OSPanel\domains\ishop\public\index.php | Строка: 7
================
[2020-07-21 09:08:50] Текст ошибки: Страница не найдена | 
        Файл: C:\Users\Valerka\Downloads\OSPanel\domains\ishop\public\index.php | Строка: 7
================
[2020-07-21 09:10:36] Текст ошибки: Страница не найдена | 
        Файл: C:\Users\Valerka\Downloads\OSPanel\domains\ishop\public\index.php | Строка: 7
================
[2020-07-21 09:14:25] Текст ошибки: Страница не найдена | 
        Файл: C:\Users\Valerka\Downloads\OSPanel\domains\ishop\public\index.php | Строка: 7
================
[2020-07-21 09:15:06] Текст ошибки: Страница не найдена | 
        Файл: C:\Users\Valerka\Downloads\OSPanel\domains\ishop\public\index.php | Строка: 7
================
[2020-07-21 09:15:31] Текст ошибки: Страница не найдена | 
        Файл: C:\Users\Valerka\Downloads\OSPanel\domains\ishop\public\index.php | Строка: 7
================
[2020-07-21 09:15:43] Текст ошибки: Страница не найдена | 
        Файл: C:\Users\Valerka\Downloads\OSPanel\domains\ishop\public\index.php | Строка: 7
================
[2020-07-21 09:16:08] Текст ошибки: Страница не найдена | 
        Файл: C:\Users\Valerka\Downloads\OSPanel\domains\ishop\public\index.php | Строка: 7
================
[2020-07-21 09:20:18] Текст ошибки: Страница не найдена | 
        Файл: C:\Users\Valerka\Downloads\OSPanel\domains\ishop\public\index.php | Строка: 7
================
[2020-07-21 09:20:25] Текст ошибки: Страница не найдена | 
        Файл: C:\Users\Valerka\Downloads\OSPanel\domains\ishop\public\index.php | Строка: 7
================
[2020-07-21 09:20:38] Текст ошибки: Страница не найдена | 
        Файл: C:\Users\Valerka\Downloads\OSPanel\domains\ishop\public\index.php | Строка: 7
================
[2020-07-21 09:21:37] Текст ошибки: Страница не найдена | 
        Файл: C:\Users\Valerka\Downloads\OSPanel\domains\ishop\public\index.php | Строка: 7
================
[2020-07-21 09:21:47] Текст ошибки: Страница не найдена | 
        Файл: C:\Users\Valerka\Downloads\OSPanel\domains\ishop\public\index.php | Строка: 7
================
[2020-07-21 09:21:59] Текст ошибки: Страница не найдена | 
        Файл: C:\Users\Valerka\Downloads\OSPanel\domains\ishop\public\index.php | Строка: 7
================
[2020-07-21 12:40:52] Текст ошибки: Страница не найдена | 
        Файл: C:\Users\Valerka\Downloads\OSPanel\domains\ishop\vendor\ishop\core\Router.php | Строка: 45
================
[2020-07-21 12:41:39] Текст ошибки: Страница не найдена | 
        Файл: C:\Users\Valerka\Downloads\OSPanel\domains\ishop\vendor\ishop\core\Router.php | Строка: 45
================
[2020-07-21 12:41:54] Текст ошибки: Страница не найдена | 
        Файл: C:\Users\Valerka\Downloads\OSPanel\domains\ishop\vendor\ishop\core\Router.php | Строка: 45
================
[2020-07-21 13:05:28] Текст ошибки: Контроллер app\controllers\PageNewsController не найден  | 
        Файл: C:\Users\Valerka\Downloads\OSPanel\domains\ishop\vendor\ishop\core\Router.php | Строка: 47
================
[2020-07-21 13:05:50] Текст ошибки: Контроллер app\controllers\PageNewsController не найден  | 
        Файл: C:\Users\Valerka\Downloads\OSPanel\domains\ishop\vendor\ishop\core\Router.php | Строка: 47
================
[2020-07-21 13:11:16] Текст ошибки: Контроллер app\controllers\ViewController не найден  | 
        Файл: C:\Users\Valerka\Downloads\OSPanel\domains\ishop\vendor\ishop\core\Router.php | Строка: 51
================
[2020-07-21 13:11:22] Текст ошибки: Страница не найдена | 
        Файл: C:\Users\Valerka\Downloads\OSPanel\domains\ishop\vendor\ishop\core\Router.php | Строка: 54
================
[2020-07-21 13:13:32] Текст ошибки: Контроллер app\controllers\ViewController не найден  | 
        Файл: C:\Users\Valerka\Downloads\OSPanel\domains\ishop\vendor\ishop\core\Router.php | Строка: 52
================
[2020-07-21 13:13:53] Текст ошибки: Контроллер app\controllers\ViewController не найден  | 
        Файл: C:\Users\Valerka\Downloads\OSPanel\domains\ishop\vendor\ishop\core\Router.php | Строка: 52
================
[2020-07-21 13:15:06] Текст ошибки: Контроллер app\controllers\ViewController не найден  | 
        Файл: C:\Users\Valerka\Downloads\OSPanel\domains\ishop\vendor\ishop\core\Router.php | Строка: 52
================
[2020-07-21 13:15:15] Текст ошибки: Контроллер app\controllers\ViewController не найден  | 
        Файл: C:\Users\Valerka\Downloads\OSPanel\domains\ishop\vendor\ishop\core\Router.php | Строка: 52
================
[2020-07-21 13:15:46] Текст ошибки: Контроллер app\controllers\ViewController не найден  | 
        Файл: C:\Users\Valerka\Downloads\OSPanel\domains\ishop\vendor\ishop\core\Router.php | Строка: 52
================
[2020-07-21 13:15:47] Текст ошибки: Контроллер app\controllers\ViewController не найден  | 
        Файл: C:\Users\Valerka\Downloads\OSPanel\domains\ishop\vendor\ishop\core\Router.php | Строка: 52
================
[2020-07-21 13:17:32] Текст ошибки: Контроллер app\controllers\ViewController не найден  | 
        Файл: C:\Users\Valerka\Downloads\OSPanel\domains\ishop\vendor\ishop\core\Router.php | Строка: 52
================
[2020-07-21 13:19:29] Текст ошибки: Контроллер app\controllers\ViewController не найден  | 
        Файл: C:\Users\Valerka\Downloads\OSPanel\domains\ishop\vendor\ishop\core\Router.php | Строка: 51
================
[2020-07-21 13:22:32] Текст ошибки: Контроллер app\controllers\ViewController не найден  | 
        Файл: C:\Users\Valerka\Downloads\OSPanel\domains\ishop\vendor\ishop\core\Router.php | Строка: 56
================
[2020-07-21 13:23:11] Текст ошибки: Контроллер app\controllers\ViewController не найден  | 
        Файл: C:\Users\Valerka\Downloads\OSPanel\domains\ishop\vendor\ishop\core\Router.php | Строка: 56
================
[2020-07-21 13:24:01] Текст ошибки: Контроллер app\controllers\MainController не найден  | 
        Файл: C:\Users\Valerka\Downloads\OSPanel\domains\ishop\vendor\ishop\core\Router.php | Строка: 56
================
